This is e-pTeX, Version 3.141592653-p3.9.1-210218-2.6 (utf8.euc) (TeX Live 2022/dev/Debian) (preloaded format=platex 2024.8.20)  23 AUG 2024 18:30
entering extended mode
 restricted \write18 enabled.
 %&-line parsing enabled.
**root
(./root.tex
pLaTeX2e <2021-11-15> (based on LaTeX2e <2021-11-15> patch level 1)
L3 programming layer <2022-01-21>

! LaTeX Error: File `ieeeconf.cls' not found.

Type X to quit or <RETURN> to proceed,
or enter new name. (Default extension: cls)

Enter file name: 
! Emergency stop.
<read *> f
          
l.6 ^^M
       
End of file on the terminal!

 
Here is how much of TeX's memory you used:
 23 strings out of 479777
 405 string characters out of 5885796
 292157 words of memory out of 5000000
 18452 multiletter control sequences out of 15000+600000
 473130 words of font info for 45 fonts, out of 8000000 for 9000
 309 hyphenation exceptions out of 8191
 19i,0n,29p,119b,18s stack positions out of 5000i,500n,10000p,200000b,80000s
No pages of output.
