This is e-pTeX, Version 3.141592653-p3.9.1-210218-2.6 (utf8.euc) (TeX Live 2022/dev/Debian) (preloaded format=platex 2024.8.20)  29 AUG 2024 19:22
entering extended mode
 restricted \write18 enabled.
 %&-line parsing enabled.
**IEEE_SENSORS_2021
(./IEEE_SENSORS_2021.tex
pLaTeX2e <2021-11-15> (based on LaTeX2e <2021-11-15> patch level 1)
L3 programming layer <2022-01-21> (./IEEEtran.cls
Document Class: IEEEtran 2015/08/26 V1.8b by Michael Shell
-- See the "IEEEtran_HOWTO" manual for usage information.
-- http://www.michaelshell.org/tex/ieeetran/
\@IEEEtrantmpdimenA=\dimen154
\@IEEEtrantmpdimenB=\dimen155
\@IEEEtrantmpdimenC=\dimen156
\@IEEEtrantmpcountA=\count184
\@IEEEtrantmpcountB=\count185
\@IEEEtrantmpcountC=\count186
\@IEEEtrantmptoksA=\toks17
LaTeX Font Info:    Trying to load font information for OT1+ptm on input line 5
03.
(/usr/share/texlive/texmf-dist/tex/latex/psnfss/ot1ptm.fd
File: ot1ptm.fd 2001/06/04 font definitions for OT1/ptm.
)
-- Using 210mm x 297mm (a4) paper.
-- Using DVI output.
\@IEEEnormalsizeunitybaselineskip=\dimen157
-- This is a 10 point document.
\CLASSINFOnormalsizebaselineskip=\dimen158
\CLASSINFOnormalsizeunitybaselineskip=\dimen159
\IEEEnormaljot=\dimen160
LaTeX Font Info:    Font shape `JT1/mc/bx/n' in size <5> not available
(Font)              Font shape `JT1/gt/m/n' tried instead on input line 1090.
LaTeX Font Info:    Font shape `JY1/mc/bx/n' in size <5> not available
(Font)              Font shape `JY1/gt/m/n' tried instead on input line 1090.
LaTeX Font Info:    Font shape `OT1/ptm/bx/n' in size <5> not available
(Font)              Font shape `OT1/ptm/b/n' tried instead on input line 1090.
LaTeX Font Info:    Kanji font shape `JY1/mc/m/it' undefined
(Font)              No change on input line 1090.
LaTeX Font Info:    Font shape `OT1/ptm/bx/it' in size <5> not available
(Font)              Font shape `OT1/ptm/b/it' tried instead on input line 1090.

LaTeX Font Info:    Font shape `JT1/mc/bx/n' in size <7> not available
(Font)              Font shape `JT1/gt/m/n' tried instead on input line 1090.
LaTeX Font Info:    Font shape `JY1/mc/bx/n' in size <7> not available
(Font)              Font shape `JY1/gt/m/n' tried instead on input line 1090.
LaTeX Font Info:    Font shape `OT1/ptm/bx/n' in size <7> not available
(Font)              Font shape `OT1/ptm/b/n' tried instead on input line 1090.
LaTeX Font Info:    Kanji font shape `JY1/mc/m/it' undefined
(Font)              No change on input line 1090.
LaTeX Font Info:    Font shape `OT1/ptm/bx/it' in size <7> not available
(Font)              Font shape `OT1/ptm/b/it' tried instead on input line 1090.

LaTeX Font Info:    Font shape `JT1/mc/bx/n' in size <8> not available
(Font)              Font shape `JT1/gt/m/n' tried instead on input line 1090.
LaTeX Font Info:    Font shape `JY1/mc/bx/n' in size <8> not available
(Font)              Font shape `JY1/gt/m/n' tried instead on input line 1090.
LaTeX Font Info:    Font shape `OT1/ptm/bx/n' in size <8> not available
(Font)              Font shape `OT1/ptm/b/n' tried instead on input line 1090.
LaTeX Font Info:    Kanji font shape `JY1/mc/m/it' undefined
(Font)              No change on input line 1090.
LaTeX Font Info:    Font shape `OT1/ptm/bx/it' in size <8> not available
(Font)              Font shape `OT1/ptm/b/it' tried instead on input line 1090.

LaTeX Font Info:    Font shape `JT1/mc/bx/n' in size <9> not available
(Font)              Font shape `JT1/gt/m/n' tried instead on input line 1090.
LaTeX Font Info:    Font shape `JY1/mc/bx/n' in size <9> not available
(Font)              Font shape `JY1/gt/m/n' tried instead on input line 1090.
LaTeX Font Info:    Font shape `OT1/ptm/bx/n' in size <9> not available
(Font)              Font shape `OT1/ptm/b/n' tried instead on input line 1090.
LaTeX Font Info:    Kanji font shape `JY1/mc/m/it' undefined
(Font)              No change on input line 1090.
LaTeX Font Info:    Font shape `OT1/ptm/bx/it' in size <9> not available
(Font)              Font shape `OT1/ptm/b/it' tried instead on input line 1090.

LaTeX Font Info:    Font shape `JT1/mc/bx/n' in size <10> not available
(Font)              Font shape `JT1/gt/m/n' tried instead on input line 1090.
LaTeX Font Info:    Font shape `JY1/mc/bx/n' in size <10> not available
(Font)              Font shape `JY1/gt/m/n' tried instead on input line 1090.
LaTeX Font Info:    Font shape `OT1/ptm/bx/n' in size <10> not available
(Font)              Font shape `OT1/ptm/b/n' tried instead on input line 1090.
LaTeX Font Info:    Kanji font shape `JY1/mc/m/it' undefined
(Font)              No change on input line 1090.
LaTeX Font Info:    Font shape `OT1/ptm/bx/it' in size <10> not available
(Font)              Font shape `OT1/ptm/b/it' tried instead on input line 1090.

LaTeX Font Info:    Font shape `JT1/mc/bx/n' in size <11> not available
(Font)              Font shape `JT1/gt/m/n' tried instead on input line 1090.
LaTeX Font Info:    Font shape `JY1/mc/bx/n' in size <11> not available
(Font)              Font shape `JY1/gt/m/n' tried instead on input line 1090.
LaTeX Font Info:    Font shape `OT1/ptm/bx/n' in size <11> not available
(Font)              Font shape `OT1/ptm/b/n' tried instead on input line 1090.
LaTeX Font Info:    Kanji font shape `JY1/mc/m/it' undefined
(Font)              No change on input line 1090.
LaTeX Font Info:    Font shape `OT1/ptm/bx/it' in size <11> not available
(Font)              Font shape `OT1/ptm/b/it' tried instead on input line 1090.

LaTeX Font Info:    Font shape `JT1/mc/bx/n' in size <12> not available
(Font)              Font shape `JT1/gt/m/n' tried instead on input line 1090.
LaTeX Font Info:    Font shape `JY1/mc/bx/n' in size <12> not available
(Font)              Font shape `JY1/gt/m/n' tried instead on input line 1090.
LaTeX Font Info:    Font shape `OT1/ptm/bx/n' in size <12> not available
(Font)              Font shape `OT1/ptm/b/n' tried instead on input line 1090.
LaTeX Font Info:    Kanji font shape `JY1/mc/m/it' undefined
(Font)              No change on input line 1090.
LaTeX Font Info:    Font shape `OT1/ptm/bx/it' in size <12> not available
(Font)              Font shape `OT1/ptm/b/it' tried instead on input line 1090.

LaTeX Font Info:    Font shape `JT1/mc/bx/n' in size <17> not available
(Font)              Font shape `JT1/gt/m/n' tried instead on input line 1090.
LaTeX Font Info:    Font shape `JY1/mc/bx/n' in size <17> not available
(Font)              Font shape `JY1/gt/m/n' tried instead on input line 1090.
LaTeX Font Info:    Font shape `OT1/ptm/bx/n' in size <17> not available
(Font)              Font shape `OT1/ptm/b/n' tried instead on input line 1090.
LaTeX Font Info:    Kanji font shape `JY1/mc/m/it' undefined
(Font)              No change on input line 1090.
LaTeX Font Info:    Font shape `OT1/ptm/bx/it' in size <17> not available
(Font)              Font shape `OT1/ptm/b/it' tried instead on input line 1090.

LaTeX Font Info:    Font shape `JT1/mc/bx/n' in size <20> not available
(Font)              Font shape `JT1/gt/m/n' tried instead on input line 1090.
LaTeX Font Info:    Font shape `JY1/mc/bx/n' in size <20> not available
(Font)              Font shape `JY1/gt/m/n' tried instead on input line 1090.
LaTeX Font Info:    Font shape `OT1/ptm/bx/n' in size <20> not available
(Font)              Font shape `OT1/ptm/b/n' tried instead on input line 1090.
LaTeX Font Info:    Kanji font shape `JY1/mc/m/it' undefined
(Font)              No change on input line 1090.
LaTeX Font Info:    Font shape `OT1/ptm/bx/it' in size <20> not available
(Font)              Font shape `OT1/ptm/b/it' tried instead on input line 1090.

LaTeX Font Info:    Font shape `JT1/mc/bx/n' in size <24> not available
(Font)              Font shape `JT1/gt/m/n' tried instead on input line 1090.
LaTeX Font Info:    Font shape `JY1/mc/bx/n' in size <24> not available
(Font)              Font shape `JY1/gt/m/n' tried instead on input line 1090.
LaTeX Font Info:    Font shape `OT1/ptm/bx/n' in size <24> not available
(Font)              Font shape `OT1/ptm/b/n' tried instead on input line 1090.
LaTeX Font Info:    Kanji font shape `JY1/mc/m/it' undefined
(Font)              No change on input line 1090.
LaTeX Font Info:    Font shape `OT1/ptm/bx/it' in size <24> not available
(Font)              Font shape `OT1/ptm/b/it' tried instead on input line 1090.

\IEEEquantizedlength=\dimen161
\IEEEquantizedlengthdiff=\dimen162
\IEEEquantizedtextheightdiff=\dimen163
\IEEEilabelindentA=\dimen164
\IEEEilabelindentB=\dimen165
\IEEEilabelindent=\dimen166
\IEEEelabelindent=\dimen167
\IEEEdlabelindent=\dimen168
\IEEElabelindent=\dimen169
\IEEEiednormlabelsep=\dimen170
\IEEEiedmathlabelsep=\dimen171
\IEEEiedtopsep=\skip47
\c@section=\count187
\c@subsection=\count188
\c@subsubsection=\count189
\c@paragraph=\count190
\c@IEEEsubequation=\count191
\abovecaptionskip=\skip48
\belowcaptionskip=\skip49
\c@figure=\count192
\c@table=\count193
\@IEEEeqnnumcols=\count194
\@IEEEeqncolcnt=\count195
\@IEEEsubeqnnumrollback=\count196
\@IEEEquantizeheightA=\dimen172
\@IEEEquantizeheightB=\dimen173
\@IEEEquantizeheightC=\dimen174
\@IEEEquantizeprevdepth=\dimen175
\@IEEEquantizemultiple=\count197
\@IEEEquantizeboxA=\box67
\@IEEEtmpitemindent=\dimen176
\IEEEPARstartletwidth=\dimen177
\c@IEEEbiography=\count198
\@IEEEtranrubishbin=\box68
) (/usr/share/texlive/texmf-dist/tex/latex/graphics/graphicx.sty
Package: graphicx 2021/09/16 v1.2d Enhanced LaTeX Graphics (DPC,SPQR)

(/usr/share/texlive/texmf-dist/tex/latex/graphics/keyval.sty
Package: keyval 2014/10/28 v1.15 key=value parser (DPC)
\KV@toks@=\toks18
)
(/usr/share/texlive/texmf-dist/tex/latex/graphics/graphics.sty
Package: graphics 2021/03/04 v1.4d Standard LaTeX Graphics (DPC,SPQR)

(/usr/share/texlive/texmf-dist/tex/latex/graphics/trig.sty
Package: trig 2021/08/11 v1.11 sin cos tan (DPC)
)
(/usr/share/texlive/texmf-dist/tex/latex/graphics-cfg/graphics.cfg
File: graphics.cfg 2016/06/04 v1.11 sample graphics configuration
)
Package graphics Info: Driver file: dvipdfmx.def on input line 107.

(/usr/share/texlive/texmf-dist/tex/latex/graphics-def/dvipdfmx.def
File: dvipdfmx.def 2021/03/18 v5.0j Graphics/color driver for dvipdfmx
))
\Gin@req@height=\dimen178
\Gin@req@width=\dimen179
)
** ATTENTION: Overriding command lockouts (line 3).
(/usr/share/texlive/texmf-dist/tex/latex/amsmath/amsmath.sty
Package: amsmath 2021/10/15 v2.17l AMS math features
\@mathmargin=\skip50

For additional information on amsmath, use the `?' option.
(/usr/share/texlive/texmf-dist/tex/latex/amsmath/amstext.sty
Package: amstext 2021/08/26 v2.01 AMS text

(/usr/share/texlive/texmf-dist/tex/latex/amsmath/amsgen.sty
File: amsgen.sty 1999/11/30 v2.0 generic functions
\@emptytoks=\toks19
\ex@=\dimen180
))
(/usr/share/texlive/texmf-dist/tex/latex/amsmath/amsbsy.sty
Package: amsbsy 1999/11/29 v1.2d Bold Symbols
\pmbraise@=\dimen181
)
(/usr/share/texlive/texmf-dist/tex/latex/amsmath/amsopn.sty
Package: amsopn 2021/08/26 v2.02 operator names
)
\inf@bad=\count199
LaTeX Info: Redefining \frac on input line 234.
\uproot@=\count266
\leftroot@=\count267
LaTeX Info: Redefining \overline on input line 399.
\classnum@=\count268
\DOTSCASE@=\count269
LaTeX Info: Redefining \ldots on input line 496.
LaTeX Info: Redefining \dots on input line 499.
LaTeX Info: Redefining \cdots on input line 620.
\Mathstrutbox@=\box69
\strutbox@=\box70
\big@size=\dimen182
LaTeX Font Info:    Redeclaring font encoding OML on input line 743.
LaTeX Font Info:    Redeclaring font encoding OMS on input line 744.
\macc@depth=\count270
\c@MaxMatrixCols=\count271
\dotsspace@=\muskip16
\c@parentequation=\count272
\dspbrk@lvl=\count273
\tag@help=\toks20
\row@=\count274
\column@=\count275
\maxfields@=\count276
\andhelp@=\toks21
\eqnshift@=\dimen183
\alignsep@=\dimen184
\tagshift@=\dimen185
\tagwidth@=\dimen186
\totwidth@=\dimen187
\lineht@=\dimen188
\@envbody=\toks22
\multlinegap=\skip51
\multlinetaggap=\skip52
\mathdisplay@stack=\toks23
LaTeX Info: Redefining \[ on input line 2938.
LaTeX Info: Redefining \] on input line 2939.
)
(/usr/share/texlive/texmf-dist/tex/latex/amsfonts/amssymb.sty
Package: amssymb 2013/01/14 v3.01 AMS font symbols

(/usr/share/texlive/texmf-dist/tex/latex/amsfonts/amsfonts.sty
Package: amsfonts 2013/01/14 v3.01 Basic AMSFonts support
\symAMSa=\mathgroup4
\symAMSb=\mathgroup5
LaTeX Font Info:    Redeclaring math symbol \hbar on input line 98.
LaTeX Font Info:    Overwriting math alphabet `\mathfrak' in version `bold'
(Font)                  U/euf/m/n --> U/euf/b/n on input line 106.
))
(/usr/share/texlive/texmf-dist/tex/latex/algorithms/algorithmic.sty
Package: algorithmic 2009/08/24 v0.1 Document Style `algorithmic'

(/usr/share/texlive/texmf-dist/tex/latex/base/ifthen.sty
Package: ifthen 2020/11/24 v1.1c Standard LaTeX ifthen package (DPC)
)
\c@ALC@unique=\count277
\c@ALC@line=\count278
\c@ALC@rem=\count279
\c@ALC@depth=\count280
\ALC@tlm=\skip53
\algorithmicindent=\skip54
)
(/usr/share/texlive/texmf-dist/tex/latex/base/textcomp.sty
Package: textcomp 2020/02/02 v2.0n Standard LaTeX package
)
(/usr/share/texlive/texmf-dist/tex/latex/xcolor/xcolor.sty
Package: xcolor 2021/10/31 v2.13 LaTeX color extensions (UK)

(/usr/share/texlive/texmf-dist/tex/latex/graphics-cfg/color.cfg
File: color.cfg 2016/01/02 v1.6 sample color configuration
)
Package xcolor Info: Driver file: dvips.def on input line 227.

(/usr/share/texlive/texmf-dist/tex/latex/graphics-def/dvips.def
File: dvips.def 2017/06/20 v3.1d Graphics/color driver for dvips
)
Package xcolor Info: Model `cmy' substituted by `cmy0' on input line 1352.
Package xcolor Info: Model `RGB' extended on input line 1368.
Package xcolor Info: Model `HTML' substituted by `rgb' on input line 1370.
Package xcolor Info: Model `Hsb' substituted by `hsb' on input line 1371.
Package xcolor Info: Model `tHsb' substituted by `hsb' on input line 1372.
Package xcolor Info: Model `HSB' substituted by `hsb' on input line 1373.
Package xcolor Info: Model `Gray' substituted by `gray' on input line 1374.
Package xcolor Info: Model `wave' substituted by `hsb' on input line 1375.
)
(/usr/share/texlive/texmf-dist/tex/latex/float/float.sty
Package: float 2001/11/08 v1.3d Float enhancements (AL)
\c@float@type=\count281
\float@exts=\toks24
\float@box=\box71
\@float@everytoks=\toks25
\@floatcapt=\box72
)
(/usr/share/texlive/texmf-dist/tex/latex/cite/cite.sty
LaTeX Info: Redefining \cite on input line 302.
LaTeX Info: Redefining \nocite on input line 332.
Package: cite 2015/02/27  v 5.5
)
(/usr/share/texlive/texmf-dist/tex/latex/siunitx/siunitx.sty
Package: siunitx 2022-02-02 v3.0.46 A comprehensive (SI) units package
\l__siunitx_angle_tmp_dim=\dimen189
\l__siunitx_angle_marker_box=\box73
\l__siunitx_angle_unit_box=\box74
\l__siunitx_compound_count_int=\count282

(/usr/share/texlive/texmf-dist/tex/latex/translations/translations.sty
Package: translations 2022/01/04 v1.11 internationalization of LaTeX2e packages
 (CN)

(/usr/share/texlive/texmf-dist/tex/latex/etoolbox/etoolbox.sty
Package: etoolbox 2020/10/05 v2.5k e-TeX tools for LaTeX (JAW)
\etb@tempcnta=\count283
)
(/usr/share/texlive/texmf-dist/tex/generic/pdftexcmds/pdftexcmds.sty
Package: pdftexcmds 2020-06-27 v0.33 Utility functions of pdfTeX for LuaTeX (HO
)

(/usr/share/texlive/texmf-dist/tex/generic/infwarerr/infwarerr.sty
Package: infwarerr 2019/12/03 v1.5 Providing info/warning/error messages (HO)
)
(/usr/share/texlive/texmf-dist/tex/generic/iftex/iftex.sty
Package: iftex 2020/03/06 v1.0d TeX engine tests
)
(/usr/share/texlive/texmf-dist/tex/generic/ltxcmds/ltxcmds.sty
Package: ltxcmds 2020-05-10 v1.25 LaTeX kernel commands for general use (HO)
)
Package pdftexcmds Info: \pdf@primitive is available.
Package pdftexcmds Info: \pdf@ifprimitive is available.
Package pdftexcmds Info: \pdfdraftmode not found.
))
\l__siunitx_number_exponent_fixed_int=\count284
\l__siunitx_number_min_decimal_int=\count285
\l__siunitx_number_min_integer_int=\count286
\l__siunitx_number_round_precision_int=\count287
\l__siunitx_number_group_minimum_int=\count288
\l__siunitx_table_tmp_box=\box75
\l__siunitx_table_tmp_dim=\dimen190
\l__siunitx_table_column_width_dim=\dimen191
\l__siunitx_table_integer_box=\box76
\l__siunitx_table_decimal_box=\box77
\l__siunitx_table_before_box=\box78
\l__siunitx_table_after_box=\box79
\l__siunitx_table_before_dim=\dimen192
\l__siunitx_table_carry_dim=\dimen193
\l__siunitx_unit_tmp_int=\count289
\l__siunitx_unit_position_int=\count290
\l__siunitx_unit_total_int=\count291

(/usr/share/texlive/texmf-dist/tex/latex/l3packages/l3keys2e/l3keys2e.sty
(/usr/share/texlive/texmf-dist/tex/latex/l3kernel/expl3.sty
Package: expl3 2022-01-21 L3 programming layer (loader) 

(/usr/share/texlive/texmf-dist/tex/latex/l3backend/l3backend-dvips.def
File: l3backend-dvips.def 2022-01-12 L3 backend support: dvips
\l__pdf_internal_box=\box80
\g__pdf_backend_object_int=\count292
\l__pdf_backend_content_box=\box81
\l__pdf_backend_model_box=\box82
\g__pdf_backend_annotation_int=\count293
\g__pdf_backend_link_int=\count294
\g__pdf_backend_link_sf_int=\count295
))
Package: l3keys2e 2022-01-12 LaTeX2e option processing using LaTeX3 keys
)
(/usr/share/texlive/texmf-dist/tex/latex/tools/array.sty
Package: array 2021/10/04 v2.5f Tabular extension package (FMi)
\col@sep=\dimen194
\ar@mcellbox=\box83
\extrarowheight=\dimen195
\NC@list=\toks26
\extratabsurround=\skip55
\backup@length=\skip56
\ar@cellbox=\box84
))
(/usr/share/texlive/texmf-dist/tex/latex/caption/subcaption.sty
Package: subcaption 2020/10/07 v1.3j Sub-captions (AR)

(/usr/share/texlive/texmf-dist/tex/latex/caption/caption.sty
Package: caption 2020/10/26 v3.5g Customizing captions (AR)

(/usr/share/texlive/texmf-dist/tex/latex/caption/caption3.sty
Package: caption3 2020/10/21 v2.2e caption3 kernel (AR)
\captionmargin=\dimen196
\captionmargin@=\dimen197
\captionwidth=\dimen198
\caption@tempdima=\dimen199
\caption@indent=\dimen256
\caption@parindent=\dimen257
\caption@hangindent=\dimen258
Package caption Info: Unknown document class (or package),
(caption)             standard defaults will be used.
Package caption Info: \@makecaption = \long macro:#1#2->\ifx \@captype \@IEEEta
blestring \footnotesize \bgroup \par \centering \@IEEEtabletopskipstrut {\norma
lfont \footnotesize #1}\\{\normalfont \footnotesize \scshape #2}\par \addvspace
 {0.5\baselineskip }\egroup \@IEEEtablecaptionsepspace \else \@IEEEfigurecaptio
nsepspace \setbox \@tempboxa \hbox {\normalfont \footnotesize {#1.}\nobreakspac
e \nobreakspace #2}\ifdim \wd \@tempboxa >\hsize \setbox \@tempboxa \hbox {\nor
malfont \footnotesize {#1.}\nobreakspace \nobreakspace }\parbox [t]{\hsize }{\n
ormalfont \footnotesize \noindent \unhbox \@tempboxa #2}\else \ifCLASSOPTIONcon
ference \hbox to\hsize {\normalfont \footnotesize \hfil \box \@tempboxa \hfil }
\else \hbox to\hsize {\normalfont \footnotesize \box \@tempboxa \hfil }\fi \fi 
\fi  on input line 1139.
)

Package caption Warning: Unknown document class (or package),
(caption)                standard defaults will be used.
See the caption package documentation for explanation.

\c@caption@flags=\count296
\c@continuedfloat=\count297
Package caption Info: float package is loaded.
)
\c@subfigure=\count298
\c@subtable=\count299
) (/usr/share/texlive/texmf-dist/tex/latex/here/here.sty)
(/usr/share/texlive/texmf-dist/tex/latex/tools/multicol.sty
Package: multicol 2021/10/28 v1.9b multicolumn formatting (FMi)
\c@tracingmulticols=\count300
\mult@box=\box85
\multicol@leftmargin=\dimen259
\c@unbalance=\count301
\c@collectmore=\count302
\doublecol@number=\count303
\multicoltolerance=\count304
\multicolpretolerance=\count305
\full@width=\dimen260
\page@free=\dimen261
\premulticols=\dimen262
\postmulticols=\dimen263
\multicolsep=\skip57
\multicolbaselineskip=\skip58
\partial@page=\box86
\last@line=\box87
\maxbalancingoverflow=\dimen264
\mult@rightbox=\box88
\mult@grightbox=\box89
\mult@firstbox=\box90
\mult@gfirstbox=\box91
\@tempa=\box92
\@tempa=\box93
\@tempa=\box94
\@tempa=\box95
\@tempa=\box96
\@tempa=\box97
\@tempa=\box98
\@tempa=\box99
\@tempa=\box100
\@tempa=\box101
\@tempa=\box102
\@tempa=\box103
\@tempa=\box104
\@tempa=\box105
\@tempa=\box106
\@tempa=\box107
\@tempa=\box108
\@tempa=\box109
\@tempa=\box110
\@tempa=\box111
\@tempa=\box112
\@tempa=\box113
\@tempa=\box114
\@tempa=\box115
\@tempa=\box116
\@tempa=\box117
\@tempa=\box118
\@tempa=\box119
\@tempa=\box120
\@tempa=\box121
\@tempa=\box122
\@tempa=\box123
\@tempa=\box124
\@tempa=\box125
\@tempa=\box126
\@tempa=\box127
\c@minrows=\count306
\c@columnbadness=\count307
\c@finalcolumnbadness=\count308
\last@try=\dimen265
\multicolovershoot=\dimen266
\multicolundershoot=\dimen267
\mult@nat@firstbox=\box128
\colbreak@box=\box129
\mc@col@check@num=\count309
)
Package translations Info: No language package found. I am going to use `englis
h' as default language. on input line 18.

(./IEEE_SENSORS_2021.aux)
\openout1 = `IEEE_SENSORS_2021.aux'.

LaTeX Font Info:    Checking defaults for OML/cmm/m/it on input line 18.
LaTeX Font Info:    ... okay on input line 18.
LaTeX Font Info:    Checking defaults for OMS/cmsy/m/n on input line 18.
LaTeX Font Info:    ... okay on input line 18.
LaTeX Font Info:    Checking defaults for OT1/cmr/m/n on input line 18.
LaTeX Font Info:    ... okay on input line 18.
LaTeX Font Info:    Checking defaults for T1/cmr/m/n on input line 18.
LaTeX Font Info:    ... okay on input line 18.
LaTeX Font Info:    Checking defaults for TS1/cmr/m/n on input line 18.
LaTeX Font Info:    ... okay on input line 18.
LaTeX Font Info:    Checking defaults for OMX/cmex/m/n on input line 18.
LaTeX Font Info:    ... okay on input line 18.
LaTeX Font Info:    Checking defaults for U/cmr/m/n on input line 18.
LaTeX Font Info:    ... okay on input line 18.
LaTeX Font Info:    Checking defaults for JY1/mc/m/n on input line 18.
LaTeX Font Info:    ... okay on input line 18.
LaTeX Font Info:    Checking defaults for JT1/mc/m/n on input line 18.
LaTeX Font Info:    ... okay on input line 18.
LaTeX Font Info:    Font shape `JT1/mc/b/n' in size <5> not available
(Font)              Font shape `JT1/mc/bx/n' tried instead on input line 18.
LaTeX Font Info:    Font shape `JT1/mc/bx/n' in size <5> not available
(Font)              Font shape `JT1/gt/m/n' tried instead on input line 18.
LaTeX Font Info:    Font shape `JY1/mc/b/n' in size <5> not available
(Font)              Font shape `JY1/mc/bx/n' tried instead on input line 18.
LaTeX Font Info:    Font shape `JY1/mc/bx/n' in size <5> not available
(Font)              Font shape `JY1/gt/m/n' tried instead on input line 18.
LaTeX Font Info:    Kanji font shape `JY1/mc/m/it' undefined
(Font)              No change on input line 18.
LaTeX Font Info:    Font shape `JT1/mc/b/n' in size <7> not available
(Font)              Font shape `JT1/mc/bx/n' tried instead on input line 18.
LaTeX Font Info:    Font shape `JT1/mc/bx/n' in size <7> not available
(Font)              Font shape `JT1/gt/m/n' tried instead on input line 18.
LaTeX Font Info:    Font shape `JY1/mc/b/n' in size <7> not available
(Font)              Font shape `JY1/mc/bx/n' tried instead on input line 18.
LaTeX Font Info:    Font shape `JY1/mc/bx/n' in size <7> not available
(Font)              Font shape `JY1/gt/m/n' tried instead on input line 18.
LaTeX Font Info:    Kanji font shape `JY1/mc/m/it' undefined
(Font)              No change on input line 18.
LaTeX Font Info:    Font shape `JT1/mc/b/n' in size <8> not available
(Font)              Font shape `JT1/mc/bx/n' tried instead on input line 18.
LaTeX Font Info:    Font shape `JT1/mc/bx/n' in size <8> not available
(Font)              Font shape `JT1/gt/m/n' tried instead on input line 18.
LaTeX Font Info:    Font shape `JY1/mc/b/n' in size <8> not available
(Font)              Font shape `JY1/mc/bx/n' tried instead on input line 18.
LaTeX Font Info:    Font shape `JY1/mc/bx/n' in size <8> not available
(Font)              Font shape `JY1/gt/m/n' tried instead on input line 18.
LaTeX Font Info:    Kanji font shape `JY1/mc/m/it' undefined
(Font)              No change on input line 18.
LaTeX Font Info:    Font shape `JT1/mc/b/n' in size <9> not available
(Font)              Font shape `JT1/mc/bx/n' tried instead on input line 18.
LaTeX Font Info:    Font shape `JT1/mc/bx/n' in size <9> not available
(Font)              Font shape `JT1/gt/m/n' tried instead on input line 18.
LaTeX Font Info:    Font shape `JY1/mc/b/n' in size <9> not available
(Font)              Font shape `JY1/mc/bx/n' tried instead on input line 18.
LaTeX Font Info:    Font shape `JY1/mc/bx/n' in size <9> not available
(Font)              Font shape `JY1/gt/m/n' tried instead on input line 18.
LaTeX Font Info:    Kanji font shape `JY1/mc/m/it' undefined
(Font)              No change on input line 18.
LaTeX Font Info:    Font shape `JT1/mc/b/n' in size <10> not available
(Font)              Font shape `JT1/mc/bx/n' tried instead on input line 18.
LaTeX Font Info:    Font shape `JT1/mc/bx/n' in size <10> not available
(Font)              Font shape `JT1/gt/m/n' tried instead on input line 18.
LaTeX Font Info:    Font shape `JY1/mc/b/n' in size <10> not available
(Font)              Font shape `JY1/mc/bx/n' tried instead on input line 18.
LaTeX Font Info:    Font shape `JY1/mc/bx/n' in size <10> not available
(Font)              Font shape `JY1/gt/m/n' tried instead on input line 18.
LaTeX Font Info:    Kanji font shape `JY1/mc/m/it' undefined
(Font)              No change on input line 18.
LaTeX Font Info:    Font shape `JT1/mc/b/n' in size <11> not available
(Font)              Font shape `JT1/mc/bx/n' tried instead on input line 18.
LaTeX Font Info:    Font shape `JT1/mc/bx/n' in size <11> not available
(Font)              Font shape `JT1/gt/m/n' tried instead on input line 18.
LaTeX Font Info:    Font shape `JY1/mc/b/n' in size <11> not available
(Font)              Font shape `JY1/mc/bx/n' tried instead on input line 18.
LaTeX Font Info:    Font shape `JY1/mc/bx/n' in size <11> not available
(Font)              Font shape `JY1/gt/m/n' tried instead on input line 18.
LaTeX Font Info:    Kanji font shape `JY1/mc/m/it' undefined
(Font)              No change on input line 18.
LaTeX Font Info:    Font shape `JT1/mc/b/n' in size <12> not available
(Font)              Font shape `JT1/mc/bx/n' tried instead on input line 18.
LaTeX Font Info:    Font shape `JT1/mc/bx/n' in size <12> not available
(Font)              Font shape `JT1/gt/m/n' tried instead on input line 18.
LaTeX Font Info:    Font shape `JY1/mc/b/n' in size <12> not available
(Font)              Font shape `JY1/mc/bx/n' tried instead on input line 18.
LaTeX Font Info:    Font shape `JY1/mc/bx/n' in size <12> not available
(Font)              Font shape `JY1/gt/m/n' tried instead on input line 18.
LaTeX Font Info:    Kanji font shape `JY1/mc/m/it' undefined
(Font)              No change on input line 18.
LaTeX Font Info:    Font shape `JT1/mc/b/n' in size <17> not available
(Font)              Font shape `JT1/mc/bx/n' tried instead on input line 18.
LaTeX Font Info:    Font shape `JT1/mc/bx/n' in size <17> not available
(Font)              Font shape `JT1/gt/m/n' tried instead on input line 18.
LaTeX Font Info:    Font shape `JY1/mc/b/n' in size <17> not available
(Font)              Font shape `JY1/mc/bx/n' tried instead on input line 18.
LaTeX Font Info:    Font shape `JY1/mc/bx/n' in size <17> not available
(Font)              Font shape `JY1/gt/m/n' tried instead on input line 18.
LaTeX Font Info:    Kanji font shape `JY1/mc/m/it' undefined
(Font)              No change on input line 18.
LaTeX Font Info:    Font shape `JT1/mc/b/n' in size <20> not available
(Font)              Font shape `JT1/mc/bx/n' tried instead on input line 18.
LaTeX Font Info:    Font shape `JT1/mc/bx/n' in size <20> not available
(Font)              Font shape `JT1/gt/m/n' tried instead on input line 18.
LaTeX Font Info:    Font shape `JY1/mc/b/n' in size <20> not available
(Font)              Font shape `JY1/mc/bx/n' tried instead on input line 18.
LaTeX Font Info:    Font shape `JY1/mc/bx/n' in size <20> not available
(Font)              Font shape `JY1/gt/m/n' tried instead on input line 18.
LaTeX Font Info:    Kanji font shape `JY1/mc/m/it' undefined
(Font)              No change on input line 18.
LaTeX Font Info:    Font shape `JT1/mc/b/n' in size <24> not available
(Font)              Font shape `JT1/mc/bx/n' tried instead on input line 18.
LaTeX Font Info:    Font shape `JT1/mc/bx/n' in size <24> not available
(Font)              Font shape `JT1/gt/m/n' tried instead on input line 18.
LaTeX Font Info:    Font shape `JY1/mc/b/n' in size <24> not available
(Font)            